6828 decimal is 15254 octal!

e820 MEMORY MAP
size: 20, address: 0x0000000000000000, length: 0x000000000009fc00, type: 1
size: 20, address: 0x000000000009fc00, length: 0x0000000000000400, type: 2
size: 20, address: 0x00000000000f0000, length: 0x0000000000010000, type: 2
size: 20, address: 0x0000000000100000, length: 0x000000000fee0000, type: 1
size: 20, address: 0x000000000ffe0000, length: 0x0000000000020000, type: 2
size: 20, address: 0x00000000feffc000, length: 0x0000000000004000, type: 2
size: 20, address: 0x00000000fffc0000, length: 0x0000000000040000, type: 2

Physical memory: 256M available, base = 636K, extended = 261120K, npages = 65536
Pages limited to 3276800 by upage address range (12800MB), Pages limited to 134201344 by remapped phys mem (524224MB)
Found boot cpu..
type: 0 apicid:0 version:20 signature:80040f6680 feature:78bfbfd flags:3 reserved:80040f6688
SMP: CPU 0 found 1 CPU(s)
enabled interrupts: 1 2 4
PCI: 00:00.0: 8086:1237: class: 8000000800000006.8000000800000000 (Bridge device) irq: 549755813888
PCI: 00:01.0: 8086:7000: class: 8000080800000006.8000080800000001 (Bridge device) irq: 549755813888
PCI: 00:01.1: 8086:7010: class: 8000090800000001.8000090800000001 (Storage controller) irq: 549755813888
PCI: 00:01.3: 8086:7113: class: 80000b0800000006.80000b0800000080 (Bridge device) irq: 549755813897
PCI: 00:02.0: 1234:1111: class: 8000100800000003.8000100800000000 (Display controller) irq: 549755813888
PCI: 00:03.0: 8086:100e: class: 8000180800000002.8000180800000000 (Network controller) irq: 549755813899
PCI function 00:03.0 (8086:100e) enabled
Processor supports VMX
Processor supports EPT
VCPUNUM allocated: 0
FS is running
FS can do I/O
Device 1 presence: 1
block cache is good
superblock is good
bitmap is good
TRAP frame at 0x8003fffd80 from CPU 0
  r15  0x00000000
  r14  0x00000200
  r13  0x00000000
  r12  0x00000200
  r11  0x00000000
  r10  0x00000000
  r9  0x00000007
  r8  0x00000007
  rdi  0x00001002
  rsi  0x8003fffe70
  rbp  0x8003fffea0
  rbx  0x00001002
  rdx  0x80048442d0
  rcx  0x00000000
  rax  0x00000001
  es   0x----0010
  ds   0x----0010
  trap 0x0000000e Page Fault
  cr2  0x00000001
  err  0x00000000 [kernel, read, not-present]
  rip  0x800420ed8b
  cs   0x----0008
  flag 0x00010002
kernel panic on CPU 0 at ../kern/trap.c:478: page fault
Welcome to the JOS kernel monitor!
Type 'help' for a list of commands.
qemu-system-x86_64: terminating on signal 15 from pid 8627
